<?xml version="1.0" encoding="UTF-8"?>
<!-- Generated by org.testng.reporters.JUnitXMLReporter -->
<testsuite ignored="0" hostname="LAPTOP-O2KMHTIH" failures="0" tests="6" name="mytest" time="9.07" errors="0" timestamp="2023-06-05T22:36:55 IST">
  <testcase classname="day34.SecondTest" name="openApp" time="7.026"/>
  <testcase classname="day34.SecondTest" name="login" time="1.818"/>
  <testcase classname="day34.SecondTest" name="closeApp" time="0.177"/>
  <testcase classname="day34.ThirdTestCase" name="test1" time="0.002"/>
  <testcase classname="day34.ThirdTestCase" name="test2" time="0.001"/>
  <testcase classname="day34.ThirdTestCase" name="test3" time="0.001"/>
</testsuite> <!-- mytest -->
