<?xml version="1.0" encoding="UTF-8"?>
<!-- Generated by org.testng.reporters.JUnitXMLReporter -->
<testsuite ignored="6" hostname="LAPTOP-O2KMHTIH" failures="0" tests="3" name="my tests" time="0.053" errors="0" timestamp="2023-06-07T15:39:12 IST">
  <testcase classname="day36.Grouping" name="signupbyfacebook" time="0.015"/>
  <testcase classname="day36.Grouping" name="signupbytwitter" time="0.0"/>
  <testcase classname="day36.Grouping" name="paymentReturnbyBank" time="0.001"/>
  <testcase classname="day36.Grouping" name="loginByEmail" time="0.0">
    <ignored/>
  </testcase> <!-- loginByEmail -->
  <testcase classname="day36.Grouping" name="paymentindollar" time="0.0">
    <ignored/>
  </testcase> <!-- paymentindollar -->
  <testcase classname="day36.Grouping" name="paymentinrupees" time="0.0">
    <ignored/>
  </testcase> <!-- paymentinrupees -->
  <testcase classname="day36.Grouping" name="signupbyemail" time="0.0">
    <ignored/>
  </testcase> <!-- signupbyemail -->
  <testcase classname="day36.Grouping" name="loginBytwitter" time="0.0">
    <ignored/>
  </testcase> <!-- loginBytwitter -->
  <testcase classname="day36.Grouping" name="loginByfacebook" time="0.0">
    <ignored/>
  </testcase> <!-- loginByfacebook -->
</testsuite> <!-- my tests -->
