<?xml version="1.0" encoding="UTF-8"?>
<testng-results ignored="0" total="2" passed="2" failed="0" skipped="0">
  <reporter-output>
  </reporter-output>
  <suite started-at="2023-06-08T16:56:10 IST" name="Default suite" finished-at="2023-06-08T16:56:16 IST" duration-ms="6336">
    <groups>
    </groups>
    <test started-at="2023-06-08T16:56:10 IST" name="Default test" finished-at="2023-06-08T16:56:16 IST" duration-ms="6336">
      <class name="day39.LoginTest">
        <test-method is-config="true" signature="setup()[pri:0, instance:day39.LoginTest@4cc451f2]" started-at="2023-06-08T16:56:10 IST" name="setup" finished-at="2023-06-08T16:56:14 IST" duration-ms="3994" status="PASS">
          <reporter-output>
          </reporter-output>
        </test-method> <!-- setup -->
        <test-method signature="testLogo()[pri:1, instance:day39.LoginTest@4cc451f2]" started-at="2023-06-08T16:56:14 IST" name="testLogo" finished-at="2023-06-08T16:56:15 IST" duration-ms="785" status="PASS">
          <reporter-output>
          </reporter-output>
        </test-method> <!-- testLogo -->
        <test-method signature="testLogin()[pri:2, instance:day39.LoginTest@4cc451f2]" started-at="2023-06-08T16:56:15 IST" name="testLogin" finished-at="2023-06-08T16:56:16 IST" duration-ms="1331" status="PASS">
          <reporter-output>
          </reporter-output>
        </test-method> <!-- testLogin -->
        <test-method is-config="true" signature="tearDown()[pri:0, instance:day39.LoginTest@4cc451f2]" started-at="2023-06-08T16:56:16 IST" name="tearDown" finished-at="2023-06-08T16:56:16 IST" duration-ms="194" status="PASS">
          <reporter-output>
          </reporter-output>
        </test-method> <!-- tearDown -->
      </class> <!-- day39.LoginTest -->
    </test> <!-- Default test -->
  </suite> <!-- Default suite -->
</testng-results>
